[2025-09-29T00:05:08.174Z] INFO: Starting cron service
[2025-09-29T00:05:08.248Z] INFO: Scheduled cron job: process-payments with schedule: 0 * * * *
[2025-09-29T00:05:08.251Z] INFO: Scheduled cron job: send-reminders with schedule: 0 */6 * * *
[2025-09-29T00:05:08.253Z] INFO: Scheduled cron job: auto-release-escrow with schedule: */30 * * * *
[2025-09-29T00:05:08.255Z] INFO: Scheduled cron job: update-credit-scores with schedule: 0 2 * * *
[2025-09-29T00:05:08.257Z] INFO: Scheduled cron job: check-repayment-due with schedule: 0 9 * * *
[2025-09-29T00:05:08.265Z] INFO: Scheduled cron job: cleanup-notifications with schedule: 0 3 * * 0
[2025-09-29T00:05:08.267Z] INFO: Scheduled cron job: daily-reports with schedule: 0 6 * * *
[2025-09-29T00:05:08.269Z] INFO: All cron jobs started successfully
[2025-09-29T00:10:31.891Z] INFO: Starting cron service
[2025-09-29T00:10:32.005Z] INFO: Scheduled cron job: process-payments with schedule: 0 * * * *
[2025-09-29T00:10:32.009Z] INFO: Scheduled cron job: send-reminders with schedule: 0 */6 * * *
[2025-09-29T00:10:32.015Z] INFO: Scheduled cron job: auto-release-escrow with schedule: */30 * * * *
[2025-09-29T00:10:32.026Z] INFO: Scheduled cron job: update-credit-scores with schedule: 0 2 * * *
[2025-09-29T00:10:32.029Z] INFO: Scheduled cron job: check-repayment-due with schedule: 0 9 * * *
[2025-09-29T00:10:32.045Z] INFO: Scheduled cron job: cleanup-notifications with schedule: 0 3 * * 0
[2025-09-29T00:10:32.065Z] INFO: Scheduled cron job: daily-reports with schedule: 0 6 * * *
[2025-09-29T00:10:32.078Z] INFO: All cron jobs started successfully
[2025-09-29T00:30:00.257Z] INFO: Running auto-release escrow check
[2025-09-29T10:21:27.805Z] INFO: Starting cron service
[2025-09-29T10:21:27.984Z] INFO: Scheduled cron job: process-payments with schedule: 0 * * * *
[2025-09-29T10:21:27.986Z] INFO: Scheduled cron job: send-reminders with schedule: 0 */6 * * *
[2025-09-29T10:21:27.989Z] INFO: Scheduled cron job: auto-release-escrow with schedule: */30 * * * *
[2025-09-29T10:21:27.991Z] INFO: Scheduled cron job: update-credit-scores with schedule: 0 2 * * *
[2025-09-29T10:21:28.004Z] INFO: Scheduled cron job: check-repayment-due with schedule: 0 9 * * *
[2025-09-29T10:21:28.007Z] INFO: Scheduled cron job: cleanup-notifications with schedule: 0 3 * * 0
[2025-09-29T10:21:28.018Z] INFO: Scheduled cron job: daily-reports with schedule: 0 6 * * *
[2025-09-29T10:21:28.021Z] INFO: All cron jobs started successfully
[2025-09-29T10:23:35.601Z] INFO: Starting cron service
[2025-09-29T10:23:35.730Z] INFO: Scheduled cron job: process-payments with schedule: 0 * * * *
[2025-09-29T10:23:35.732Z] INFO: Scheduled cron job: send-reminders with schedule: 0 */6 * * *
[2025-09-29T10:23:35.735Z] INFO: Scheduled cron job: auto-release-escrow with schedule: */30 * * * *
[2025-09-29T10:23:35.744Z] INFO: Scheduled cron job: update-credit-scores with schedule: 0 2 * * *
[2025-09-29T10:23:35.751Z] INFO: Scheduled cron job: check-repayment-due with schedule: 0 9 * * *
[2025-09-29T10:23:35.763Z] INFO: Scheduled cron job: cleanup-notifications with schedule: 0 3 * * 0
[2025-09-29T10:23:35.767Z] INFO: Scheduled cron job: daily-reports with schedule: 0 6 * * *
[2025-09-29T10:23:35.769Z] INFO: All cron jobs started successfully
[2025-09-29T10:23:47.822Z] INFO: Starting cron service
[2025-09-29T10:23:48.098Z] INFO: Scheduled cron job: process-payments with schedule: 0 * * * *
[2025-09-29T10:23:48.113Z] INFO: Scheduled cron job: send-reminders with schedule: 0 */6 * * *
[2025-09-29T10:23:48.121Z] INFO: Scheduled cron job: auto-release-escrow with schedule: */30 * * * *
[2025-09-29T10:23:48.184Z] INFO: Scheduled cron job: update-credit-scores with schedule: 0 2 * * *
[2025-09-29T10:23:48.236Z] INFO: Scheduled cron job: check-repayment-due with schedule: 0 9 * * *
[2025-09-29T10:23:48.304Z] INFO: Scheduled cron job: cleanup-notifications with schedule: 0 3 * * 0
[2025-09-29T10:23:48.349Z] INFO: Scheduled cron job: daily-reports with schedule: 0 6 * * *
[2025-09-29T10:23:48.354Z] INFO: All cron jobs started successfully
[2025-09-29T10:23:59.799Z] INFO: GET / 200 {"method":"GET","url":"/","statusCode":200,"responseTime":"18ms","userAgent":"Mozilla/5.0 (Windows NT 10.0; Win64; x64) AppleWebKit/537.36 (KHTML, like Gecko) Chrome/140.0.0.0 Safari/537.36","ip":"127.0.0.1","userId":"anonymous"}
[2025-09-29T10:30:00.311Z] INFO: Running auto-release escrow check
[2025-09-29T10:37:51.272Z] INFO: Starting cron service
[2025-09-29T10:37:51.529Z] INFO: Scheduled cron job: process-payments with schedule: 0 * * * *
[2025-09-29T10:37:51.536Z] INFO: Scheduled cron job: send-reminders with schedule: 0 */6 * * *
[2025-09-29T10:37:51.547Z] INFO: Scheduled cron job: auto-release-escrow with schedule: */30 * * * *
[2025-09-29T10:37:51.553Z] INFO: Scheduled cron job: update-credit-scores with schedule: 0 2 * * *
[2025-09-29T10:37:51.557Z] INFO: Scheduled cron job: check-repayment-due with schedule: 0 9 * * *
[2025-09-29T10:37:51.571Z] INFO: Scheduled cron job: cleanup-notifications with schedule: 0 3 * * 0
[2025-09-29T10:37:51.605Z] INFO: Scheduled cron job: daily-reports with schedule: 0 6 * * *
[2025-09-29T10:37:51.631Z] INFO: All cron jobs started successfully
[2025-09-29T10:38:05.588Z] INFO: Starting cron service
[2025-09-29T10:38:05.677Z] INFO: Scheduled cron job: process-payments with schedule: 0 * * * *
[2025-09-29T10:38:05.680Z] INFO: Scheduled cron job: send-reminders with schedule: 0 */6 * * *
[2025-09-29T10:38:05.686Z] INFO: Scheduled cron job: auto-release-escrow with schedule: */30 * * * *
[2025-09-29T10:38:05.690Z] INFO: Scheduled cron job: update-credit-scores with schedule: 0 2 * * *
[2025-09-29T10:38:05.694Z] INFO: Scheduled cron job: check-repayment-due with schedule: 0 9 * * *
[2025-09-29T10:38:05.704Z] INFO: Scheduled cron job: cleanup-notifications with schedule: 0 3 * * 0
[2025-09-29T10:38:05.708Z] INFO: Scheduled cron job: daily-reports with schedule: 0 6 * * *
[2025-09-29T10:38:05.712Z] INFO: All cron jobs started successfully
[2025-09-29T11:00:00.623Z] INFO: Running scheduled payment processing
[2025-09-29T11:00:00.740Z] INFO: Running payment reminder sending
[2025-09-29T11:00:00.752Z] INFO: Running auto-release escrow check
[2025-09-29T11:00:00.878Z] INFO: Processing scheduled payments {"count":0,"timestamp":"2025-09-29T11:00:00.627Z"}
[2025-09-29T11:00:00.896Z] INFO: Scheduled payments processing completed {"processed":0,"successful":0,"failed":0,"skipped":0,"errors":[]}
[2025-09-29T11:00:00.906Z] INFO: Scheduled payment processing completed {"processed":0,"successful":0,"failed":0,"skipped":0,"errors":[]}
[2025-09-29T11:00:00.923Z] INFO: Sending payment reminders {"count":0}
[2025-09-29T11:00:00.925Z] INFO: Payment reminders sent {"sent":0,"failed":0,"errors":[]}
[2025-09-29T11:00:00.928Z] INFO: Payment reminder sending completed {"sent":0,"failed":0,"errors":[]}
[2025-09-29T11:26:03.704Z] INFO: GET / 304 {"method":"GET","url":"/","statusCode":304,"responseTime":"13ms","userAgent":"Mozilla/5.0 (Windows NT 10.0; Win64; x64) AppleWebKit/537.36 (KHTML, like Gecko) Chrome/140.0.0.0 Safari/537.36","ip":"127.0.0.1","userId":"anonymous"}
[2025-09-29T11:29:43.144Z] INFO: Starting cron service
[2025-09-29T11:29:43.188Z] INFO: Scheduled cron job: process-payments with schedule: 0 * * * *
[2025-09-29T11:29:43.191Z] INFO: Scheduled cron job: send-reminders with schedule: 0 */6 * * *
[2025-09-29T11:29:43.193Z] INFO: Scheduled cron job: auto-release-escrow with schedule: */30 * * * *
[2025-09-29T11:29:43.195Z] INFO: Scheduled cron job: update-credit-scores with schedule: 0 2 * * *
[2025-09-29T11:29:43.202Z] INFO: Scheduled cron job: check-repayment-due with schedule: 0 9 * * *
[2025-09-29T11:29:43.203Z] INFO: Scheduled cron job: cleanup-notifications with schedule: 0 3 * * 0
[2025-09-29T11:29:43.205Z] INFO: Scheduled cron job: daily-reports with schedule: 0 6 * * *
[2025-09-29T11:29:43.206Z] INFO: All cron jobs started successfully
[2025-09-29T11:30:00.341Z] INFO: Running auto-release escrow check
[2025-09-29T11:32:40.178Z] INFO: Starting cron service
[2025-09-29T11:32:40.241Z] INFO: Scheduled cron job: process-payments with schedule: 0 * * * *
[2025-09-29T11:32:40.243Z] INFO: Scheduled cron job: send-reminders with schedule: 0 */6 * * *
[2025-09-29T11:32:40.246Z] INFO: Scheduled cron job: auto-release-escrow with schedule: */30 * * * *
[2025-09-29T11:32:40.251Z] INFO: Scheduled cron job: update-credit-scores with schedule: 0 2 * * *
[2025-09-29T11:32:40.261Z] INFO: Scheduled cron job: check-repayment-due with schedule: 0 9 * * *
[2025-09-29T11:32:40.269Z] INFO: Scheduled cron job: cleanup-notifications with schedule: 0 3 * * 0
[2025-09-29T11:32:40.279Z] INFO: Scheduled cron job: daily-reports with schedule: 0 6 * * *
[2025-09-29T11:32:40.282Z] INFO: All cron jobs started successfully
[2025-09-29T13:30:00.073Z] INFO: Running auto-release escrow check
[2025-09-29T14:00:00.106Z] INFO: Running scheduled payment processing
[2025-09-29T14:00:00.147Z] INFO: Running auto-release escrow check
[2025-09-29T14:00:01.742Z] INFO: Processing scheduled payments {"count":0,"timestamp":"2025-09-29T14:00:00.112Z"}
[2025-09-29T14:00:01.760Z] INFO: Scheduled payments processing completed {"processed":0,"successful":0,"failed":0,"skipped":0,"errors":[]}
[2025-09-29T14:00:01.766Z] INFO: Scheduled payment processing completed {"processed":0,"successful":0,"failed":0,"skipped":0,"errors":[]}
[2025-09-29T14:26:20.757Z] INFO: Starting cron service
[2025-09-29T14:26:20.905Z] INFO: Scheduled cron job: process-payments with schedule: 0 * * * *
[2025-09-29T14:26:20.907Z] INFO: Scheduled cron job: send-reminders with schedule: 0 */6 * * *
[2025-09-29T14:26:20.909Z] INFO: Scheduled cron job: auto-release-escrow with schedule: */30 * * * *
[2025-09-29T14:26:20.914Z] INFO: Scheduled cron job: update-credit-scores with schedule: 0 2 * * *
[2025-09-29T14:26:20.917Z] INFO: Scheduled cron job: check-repayment-due with schedule: 0 9 * * *
[2025-09-29T14:26:20.919Z] INFO: Scheduled cron job: cleanup-notifications with schedule: 0 3 * * 0
[2025-09-29T14:26:20.922Z] INFO: Scheduled cron job: daily-reports with schedule: 0 6 * * *
[2025-09-29T14:26:20.924Z] INFO: All cron jobs started successfully
[2025-09-29T14:30:00.203Z] INFO: Running auto-release escrow check
[2025-09-29T14:40:53.606Z] INFO: Starting cron service
[2025-09-29T14:40:53.687Z] INFO: Scheduled cron job: process-payments with schedule: 0 * * * *
[2025-09-29T14:40:53.689Z] INFO: Scheduled cron job: send-reminders with schedule: 0 */6 * * *
[2025-09-29T14:40:53.702Z] INFO: Scheduled cron job: auto-release-escrow with schedule: */30 * * * *
[2025-09-29T14:40:53.714Z] INFO: Scheduled cron job: update-credit-scores with schedule: 0 2 * * *
[2025-09-29T14:40:53.717Z] INFO: Scheduled cron job: check-repayment-due with schedule: 0 9 * * *
[2025-09-29T14:40:53.720Z] INFO: Scheduled cron job: cleanup-notifications with schedule: 0 3 * * 0
[2025-09-29T14:40:53.722Z] INFO: Scheduled cron job: daily-reports with schedule: 0 6 * * *
[2025-09-29T14:40:53.724Z] INFO: All cron jobs started successfully
[2025-09-29T14:43:19.556Z] INFO: Starting cron service
[2025-09-29T14:43:19.673Z] INFO: Scheduled cron job: process-payments with schedule: 0 * * * *
[2025-09-29T14:43:19.679Z] INFO: Scheduled cron job: send-reminders with schedule: 0 */6 * * *
[2025-09-29T14:43:19.681Z] INFO: Scheduled cron job: auto-release-escrow with schedule: */30 * * * *
[2025-09-29T14:43:19.684Z] INFO: Scheduled cron job: update-credit-scores with schedule: 0 2 * * *
[2025-09-29T14:43:19.686Z] INFO: Scheduled cron job: check-repayment-due with schedule: 0 9 * * *
[2025-09-29T14:43:19.688Z] INFO: Scheduled cron job: cleanup-notifications with schedule: 0 3 * * 0
[2025-09-29T14:43:19.691Z] INFO: Scheduled cron job: daily-reports with schedule: 0 6 * * *
[2025-09-29T14:43:19.697Z] INFO: All cron jobs started successfully
[2025-09-29T14:49:53.307Z] INFO: Starting cron service
[2025-09-29T14:49:53.410Z] INFO: Scheduled cron job: process-payments with schedule: 0 * * * *
[2025-09-29T14:49:53.422Z] INFO: Scheduled cron job: send-reminders with schedule: 0 */6 * * *
[2025-09-29T14:49:53.424Z] INFO: Scheduled cron job: auto-release-escrow with schedule: */30 * * * *
[2025-09-29T14:49:53.427Z] INFO: Scheduled cron job: update-credit-scores with schedule: 0 2 * * *
[2025-09-29T14:49:53.441Z] INFO: Scheduled cron job: check-repayment-due with schedule: 0 9 * * *
[2025-09-29T14:49:53.444Z] INFO: Scheduled cron job: cleanup-notifications with schedule: 0 3 * * 0
[2025-09-29T14:49:53.457Z] INFO: Scheduled cron job: daily-reports with schedule: 0 6 * * *
[2025-09-29T14:49:53.459Z] INFO: All cron jobs started successfully
[2025-09-29T15:00:06.602Z] INFO: Starting cron service
[2025-09-29T15:00:06.669Z] INFO: Scheduled cron job: process-payments with schedule: 0 * * * *
[2025-09-29T15:00:06.680Z] INFO: Scheduled cron job: send-reminders with schedule: 0 */6 * * *
[2025-09-29T15:00:06.684Z] INFO: Scheduled cron job: auto-release-escrow with schedule: */30 * * * *
[2025-09-29T15:00:06.690Z] INFO: Scheduled cron job: update-credit-scores with schedule: 0 2 * * *
[2025-09-29T15:00:06.695Z] INFO: Scheduled cron job: check-repayment-due with schedule: 0 9 * * *
[2025-09-29T15:00:06.701Z] INFO: Scheduled cron job: cleanup-notifications with schedule: 0 3 * * 0
[2025-09-29T15:00:06.706Z] INFO: Scheduled cron job: daily-reports with schedule: 0 6 * * *
[2025-09-29T15:00:06.709Z] INFO: All cron jobs started successfully
[2025-09-29T15:38:48.182Z] INFO: Starting cron service
[2025-09-29T15:38:48.327Z] INFO: Scheduled cron job: process-payments with schedule: 0 * * * *
[2025-09-29T15:38:48.333Z] INFO: Scheduled cron job: send-reminders with schedule: 0 */6 * * *
[2025-09-29T15:38:48.343Z] INFO: Scheduled cron job: auto-release-escrow with schedule: */30 * * * *
[2025-09-29T15:38:48.346Z] INFO: Scheduled cron job: update-credit-scores with schedule: 0 2 * * *
[2025-09-29T15:38:48.350Z] INFO: Scheduled cron job: check-repayment-due with schedule: 0 9 * * *
[2025-09-29T15:38:48.363Z] INFO: Scheduled cron job: cleanup-notifications with schedule: 0 3 * * 0
[2025-09-29T15:38:48.367Z] INFO: Scheduled cron job: daily-reports with schedule: 0 6 * * *
[2025-09-29T15:38:48.370Z] INFO: All cron jobs started successfully
[2025-09-29T15:39:36.642Z] INFO: Starting cron service
[2025-09-29T15:39:36.711Z] INFO: Scheduled cron job: process-payments with schedule: 0 * * * *
[2025-09-29T15:39:36.713Z] INFO: Scheduled cron job: send-reminders with schedule: 0 */6 * * *
[2025-09-29T15:39:36.715Z] INFO: Scheduled cron job: auto-release-escrow with schedule: */30 * * * *
[2025-09-29T15:39:36.723Z] INFO: Scheduled cron job: update-credit-scores with schedule: 0 2 * * *
[2025-09-29T15:39:36.726Z] INFO: Scheduled cron job: check-repayment-due with schedule: 0 9 * * *
[2025-09-29T15:39:36.728Z] INFO: Scheduled cron job: cleanup-notifications with schedule: 0 3 * * 0
[2025-09-29T15:39:36.730Z] INFO: Scheduled cron job: daily-reports with schedule: 0 6 * * *
[2025-09-29T15:39:36.732Z] INFO: All cron jobs started successfully
[2025-09-29T15:45:11.461Z] INFO: Starting cron service
[2025-09-29T15:45:11.565Z] INFO: Scheduled cron job: process-payments with schedule: 0 * * * *
[2025-09-29T15:45:11.566Z] INFO: Scheduled cron job: send-reminders with schedule: 0 */6 * * *
[2025-09-29T15:45:11.573Z] INFO: Scheduled cron job: auto-release-escrow with schedule: */30 * * * *
[2025-09-29T15:45:11.577Z] INFO: Scheduled cron job: update-credit-scores with schedule: 0 2 * * *
[2025-09-29T15:45:11.579Z] INFO: Scheduled cron job: check-repayment-due with schedule: 0 9 * * *
[2025-09-29T15:45:11.581Z] INFO: Scheduled cron job: cleanup-notifications with schedule: 0 3 * * 0
[2025-09-29T15:45:11.582Z] INFO: Scheduled cron job: daily-reports with schedule: 0 6 * * *
[2025-09-29T15:45:11.583Z] INFO: All cron jobs started successfully
[2025-09-29T15:46:44.024Z] INFO: Starting cron service
[2025-09-29T15:46:44.139Z] INFO: Scheduled cron job: process-payments with schedule: 0 * * * *
[2025-09-29T15:46:44.144Z] INFO: Scheduled cron job: send-reminders with schedule: 0 */6 * * *
[2025-09-29T15:46:44.156Z] INFO: Scheduled cron job: auto-release-escrow with schedule: */30 * * * *
[2025-09-29T15:46:44.165Z] INFO: Scheduled cron job: update-credit-scores with schedule: 0 2 * * *
[2025-09-29T15:46:44.179Z] INFO: Scheduled cron job: check-repayment-due with schedule: 0 9 * * *
[2025-09-29T15:46:44.192Z] INFO: Scheduled cron job: cleanup-notifications with schedule: 0 3 * * 0
[2025-09-29T15:46:44.195Z] INFO: Scheduled cron job: daily-reports with schedule: 0 6 * * *
[2025-09-29T15:46:44.198Z] INFO: All cron jobs started successfully
[2025-09-29T15:53:28.685Z] INFO: Starting cron service
[2025-09-29T15:53:29.402Z] INFO: Scheduled cron job: process-payments with schedule: 0 * * * *
[2025-09-29T15:53:29.517Z] INFO: Scheduled cron job: send-reminders with schedule: 0 */6 * * *
[2025-09-29T15:53:29.652Z] INFO: Scheduled cron job: auto-release-escrow with schedule: */30 * * * *
[2025-09-29T15:53:29.768Z] INFO: Scheduled cron job: update-credit-scores with schedule: 0 2 * * *
[2025-09-29T15:53:29.881Z] INFO: Scheduled cron job: check-repayment-due with schedule: 0 9 * * *
[2025-09-29T15:53:29.883Z] INFO: Scheduled cron job: cleanup-notifications with schedule: 0 3 * * 0
[2025-09-29T15:53:29.885Z] INFO: Scheduled cron job: daily-reports with schedule: 0 6 * * *
[2025-09-29T15:53:29.886Z] INFO: All cron jobs started successfully
[2025-09-29T15:56:12.735Z] INFO: Starting cron service
[2025-09-29T15:56:13.185Z] INFO: Scheduled cron job: process-payments with schedule: 0 * * * *
[2025-09-29T15:56:13.202Z] INFO: Scheduled cron job: send-reminders with schedule: 0 */6 * * *
[2025-09-29T15:56:13.334Z] INFO: Scheduled cron job: auto-release-escrow with schedule: */30 * * * *
[2025-09-29T15:56:13.370Z] INFO: Scheduled cron job: update-credit-scores with schedule: 0 2 * * *
[2025-09-29T15:56:13.520Z] INFO: Scheduled cron job: check-repayment-due with schedule: 0 9 * * *
[2025-09-29T15:56:13.539Z] INFO: Scheduled cron job: cleanup-notifications with schedule: 0 3 * * 0
[2025-09-29T15:56:13.553Z] INFO: Scheduled cron job: daily-reports with schedule: 0 6 * * *
[2025-09-29T15:56:13.557Z] INFO: All cron jobs started successfully
[2025-09-29T16:00:00.074Z] INFO: Running auto-release escrow check
[2025-09-29T16:00:00.922Z] INFO: Running scheduled payment processing
[2025-09-29T16:00:01.228Z] INFO: Processing scheduled payments {"count":0,"timestamp":"2025-09-29T16:00:00.926Z"}
[2025-09-29T16:00:01.236Z] INFO: Scheduled payments processing completed {"processed":0,"successful":0,"failed":0,"skipped":0,"errors":[]}
[2025-09-29T16:00:01.242Z] INFO: Scheduled payment processing completed {"processed":0,"successful":0,"failed":0,"skipped":0,"errors":[]}
[2025-09-29T16:30:00.668Z] INFO: Running auto-release escrow check
[2025-09-29T17:00:00.232Z] INFO: Running scheduled payment processing
[2025-09-29T17:00:00.244Z] INFO: Running payment reminder sending
[2025-09-29T17:00:00.253Z] INFO: Running auto-release escrow check
[2025-09-29T17:00:00.403Z] INFO: Sending payment reminders {"count":0}
[2025-09-29T17:00:00.405Z] INFO: Payment reminders sent {"sent":0,"failed":0,"errors":[]}
[2025-09-29T17:00:00.406Z] INFO: Payment reminder sending completed {"sent":0,"failed":0,"errors":[]}
[2025-09-29T17:00:00.408Z] INFO: Processing scheduled payments {"count":0,"timestamp":"2025-09-29T17:00:00.234Z"}
[2025-09-29T17:00:00.410Z] INFO: Scheduled payments processing completed {"processed":0,"successful":0,"failed":0,"skipped":0,"errors":[]}
[2025-09-29T17:00:00.411Z] INFO: Scheduled payment processing completed {"processed":0,"successful":0,"failed":0,"skipped":0,"errors":[]}
[2025-09-29T17:30:00.025Z] INFO: Running auto-release escrow check
[2025-09-30T01:30:00.875Z] INFO: Running auto-release escrow check
[2025-09-30T11:54:10.201Z] INFO: Starting cron service
[2025-09-30T11:54:10.278Z] INFO: Scheduled cron job: process-payments with schedule: 0 * * * *
[2025-09-30T11:54:10.280Z] INFO: Scheduled cron job: send-reminders with schedule: 0 */6 * * *
[2025-09-30T11:54:10.283Z] INFO: Scheduled cron job: auto-release-escrow with schedule: */30 * * * *
[2025-09-30T11:54:10.285Z] INFO: Scheduled cron job: update-credit-scores with schedule: 0 2 * * *
[2025-09-30T11:54:10.291Z] INFO: Scheduled cron job: check-repayment-due with schedule: 0 9 * * *
[2025-09-30T11:54:10.296Z] INFO: Scheduled cron job: cleanup-notifications with schedule: 0 3 * * 0
[2025-09-30T11:54:10.299Z] INFO: Scheduled cron job: daily-reports with schedule: 0 6 * * *
[2025-09-30T11:54:10.300Z] INFO: All cron jobs started successfully
[2025-09-30T12:00:00.954Z] INFO: Running scheduled payment processing
[2025-09-30T12:00:00.969Z] INFO: Running auto-release escrow check
[2025-09-30T12:00:01.104Z] INFO: Processing scheduled payments {"count":0,"timestamp":"2025-09-30T12:00:00.956Z"}
[2025-09-30T12:00:01.106Z] INFO: Scheduled payments processing completed {"processed":0,"successful":0,"failed":0,"skipped":0,"errors":[]}
[2025-09-30T12:00:01.107Z] INFO: Scheduled payment processing completed {"processed":0,"successful":0,"failed":0,"skipped":0,"errors":[]}
[2025-09-30T12:58:53.514Z] INFO: Starting cron service
[2025-09-30T12:58:53.612Z] INFO: Scheduled cron job: process-payments with schedule: 0 * * * *
[2025-09-30T12:58:53.621Z] INFO: Scheduled cron job: send-reminders with schedule: 0 */6 * * *
[2025-09-30T12:58:53.634Z] INFO: Scheduled cron job: auto-release-escrow with schedule: */30 * * * *
[2025-09-30T12:58:53.643Z] INFO: Scheduled cron job: update-credit-scores with schedule: 0 2 * * *
[2025-09-30T12:58:53.647Z] INFO: Scheduled cron job: check-repayment-due with schedule: 0 9 * * *
[2025-09-30T12:58:53.656Z] INFO: Scheduled cron job: cleanup-notifications with schedule: 0 3 * * 0
[2025-09-30T12:58:53.663Z] INFO: Scheduled cron job: daily-reports with schedule: 0 6 * * *
[2025-09-30T12:58:53.672Z] INFO: All cron jobs started successfully
[2025-09-30T12:59:59.499Z] INFO: Starting cron service
[2025-09-30T12:59:59.578Z] INFO: Scheduled cron job: process-payments with schedule: 0 * * * *
[2025-09-30T12:59:59.580Z] INFO: Scheduled cron job: send-reminders with schedule: 0 */6 * * *
[2025-09-30T12:59:59.583Z] INFO: Scheduled cron job: auto-release-escrow with schedule: */30 * * * *
[2025-09-30T12:59:59.585Z] INFO: Scheduled cron job: update-credit-scores with schedule: 0 2 * * *
[2025-09-30T12:59:59.587Z] INFO: Scheduled cron job: check-repayment-due with schedule: 0 9 * * *
[2025-09-30T12:59:59.590Z] INFO: Scheduled cron job: cleanup-notifications with schedule: 0 3 * * 0
[2025-09-30T12:59:59.593Z] INFO: Scheduled cron job: daily-reports with schedule: 0 6 * * *
[2025-09-30T12:59:59.594Z] INFO: All cron jobs started successfully
[2025-09-30T13:00:00.586Z] INFO: Running scheduled payment processing
[2025-09-30T13:00:00.628Z] INFO: Running auto-release escrow check
[2025-09-30T13:00:01.311Z] INFO: Processing scheduled payments {"count":0,"timestamp":"2025-09-30T13:00:00.588Z"}
[2025-09-30T13:00:01.313Z] INFO: Scheduled payments processing completed {"processed":0,"successful":0,"failed":0,"skipped":0,"errors":[]}
[2025-09-30T13:00:01.327Z] INFO: Scheduled payment processing completed {"processed":0,"successful":0,"failed":0,"skipped":0,"errors":[]}
[2025-09-30T13:03:23.211Z] INFO: Starting cron service
[2025-09-30T13:03:23.244Z] INFO: Scheduled cron job: process-payments with schedule: 0 * * * *
[2025-09-30T13:03:23.246Z] INFO: Scheduled cron job: send-reminders with schedule: 0 */6 * * *
[2025-09-30T13:03:23.248Z] INFO: Scheduled cron job: auto-release-escrow with schedule: */30 * * * *
[2025-09-30T13:03:23.249Z] INFO: Scheduled cron job: update-credit-scores with schedule: 0 2 * * *
[2025-09-30T13:03:23.251Z] INFO: Scheduled cron job: check-repayment-due with schedule: 0 9 * * *
[2025-09-30T13:03:23.253Z] INFO: Scheduled cron job: cleanup-notifications with schedule: 0 3 * * 0
[2025-09-30T13:03:23.254Z] INFO: Scheduled cron job: daily-reports with schedule: 0 6 * * *
[2025-09-30T13:03:23.255Z] INFO: All cron jobs started successfully
[2025-09-30T13:04:06.982Z] INFO: Starting cron service
[2025-09-30T13:04:07.122Z] INFO: Scheduled cron job: process-payments with schedule: 0 * * * *
[2025-09-30T13:04:07.137Z] INFO: Scheduled cron job: send-reminders with schedule: 0 */6 * * *
[2025-09-30T13:04:07.151Z] INFO: Scheduled cron job: auto-release-escrow with schedule: */30 * * * *
[2025-09-30T13:04:07.155Z] INFO: Scheduled cron job: update-credit-scores with schedule: 0 2 * * *
[2025-09-30T13:04:07.168Z] INFO: Scheduled cron job: check-repayment-due with schedule: 0 9 * * *
[2025-09-30T13:04:07.183Z] INFO: Scheduled cron job: cleanup-notifications with schedule: 0 3 * * 0
[2025-09-30T13:04:07.190Z] INFO: Scheduled cron job: daily-reports with schedule: 0 6 * * *
[2025-09-30T13:04:07.201Z] INFO: All cron jobs started successfully
[2025-09-30T13:04:12.874Z] INFO: Starting cron service
[2025-09-30T13:04:12.952Z] INFO: Scheduled cron job: process-payments with schedule: 0 * * * *
[2025-09-30T13:04:12.957Z] INFO: Scheduled cron job: send-reminders with schedule: 0 */6 * * *
[2025-09-30T13:04:12.960Z] INFO: Scheduled cron job: calculate-penalties with schedule: 0 1 * * *
[2025-09-30T13:04:12.972Z] INFO: Scheduled cron job: auto-release-escrow with schedule: */30 * * * *
[2025-09-30T13:04:12.975Z] INFO: Scheduled cron job: update-credit-scores with schedule: 0 2 * * *
[2025-09-30T13:04:12.977Z] INFO: Scheduled cron job: check-repayment-due with schedule: 0 9 * * *
[2025-09-30T13:04:12.982Z] INFO: Scheduled cron job: cleanup-notifications with schedule: 0 3 * * 0
[2025-09-30T13:04:12.987Z] INFO: Scheduled cron job: daily-reports with schedule: 0 6 * * *
[2025-09-30T13:04:12.990Z] INFO: All cron jobs started successfully
[2025-09-30T13:06:30.187Z] INFO: Starting cron service
[2025-09-30T13:06:30.374Z] INFO: Scheduled cron job: process-payments with schedule: 0 * * * *
[2025-09-30T13:06:30.392Z] INFO: Scheduled cron job: send-reminders with schedule: 0 */6 * * *
[2025-09-30T13:06:30.405Z] INFO: Scheduled cron job: calculate-penalties with schedule: 0 1 * * *
[2025-09-30T13:06:30.409Z] INFO: Scheduled cron job: auto-release-escrow with schedule: */30 * * * *
[2025-09-30T13:06:30.440Z] INFO: Scheduled cron job: update-credit-scores with schedule: 0 2 * * *
[2025-09-30T13:06:30.484Z] INFO: Scheduled cron job: check-repayment-due with schedule: 0 9 * * *
[2025-09-30T13:06:30.485Z] INFO: Scheduled cron job: cleanup-notifications with schedule: 0 3 * * 0
[2025-09-30T13:06:30.487Z] INFO: Scheduled cron job: daily-reports with schedule: 0 6 * * *
[2025-09-30T13:06:30.488Z] INFO: All cron jobs started successfully
[2025-09-30T13:06:42.962Z] INFO: Starting cron service
[2025-09-30T13:06:43.077Z] INFO: Scheduled cron job: process-payments with schedule: 0 * * * *
[2025-09-30T13:06:43.095Z] INFO: Scheduled cron job: send-reminders with schedule: 0 */6 * * *
[2025-09-30T13:06:43.108Z] INFO: Scheduled cron job: calculate-penalties with schedule: 0 1 * * *
[2025-09-30T13:06:43.112Z] INFO: Scheduled cron job: auto-release-escrow with schedule: */30 * * * *
[2025-09-30T13:06:43.124Z] INFO: Scheduled cron job: update-credit-scores with schedule: 0 2 * * *
[2025-09-30T13:06:43.128Z] INFO: Scheduled cron job: check-repayment-due with schedule: 0 9 * * *
[2025-09-30T13:06:43.133Z] INFO: Scheduled cron job: cleanup-notifications with schedule: 0 3 * * 0
[2025-09-30T13:06:43.141Z] INFO: Scheduled cron job: daily-reports with schedule: 0 6 * * *
[2025-09-30T13:06:43.143Z] INFO: All cron jobs started successfully
[2025-09-30T13:06:59.264Z] INFO: Starting cron service
[2025-09-30T13:06:59.389Z] INFO: Scheduled cron job: process-payments with schedule: 0 * * * *
[2025-09-30T13:06:59.398Z] INFO: Scheduled cron job: send-reminders with schedule: 0 */6 * * *
[2025-09-30T13:06:59.407Z] INFO: Scheduled cron job: calculate-penalties with schedule: 0 1 * * *
[2025-09-30T13:06:59.412Z] INFO: Scheduled cron job: auto-release-escrow with schedule: */30 * * * *
[2025-09-30T13:06:59.415Z] INFO: Scheduled cron job: update-credit-scores with schedule: 0 2 * * *
[2025-09-30T13:06:59.417Z] INFO: Scheduled cron job: check-repayment-due with schedule: 0 9 * * *
[2025-09-30T13:06:59.429Z] INFO: Scheduled cron job: cleanup-notifications with schedule: 0 3 * * 0
[2025-09-30T13:06:59.432Z] INFO: Scheduled cron job: daily-reports with schedule: 0 6 * * *
[2025-09-30T13:06:59.434Z] INFO: All cron jobs started successfully
[2025-09-30T13:07:10.599Z] INFO: Starting cron service
[2025-09-30T13:07:10.683Z] INFO: Scheduled cron job: process-payments with schedule: 0 * * * *
[2025-09-30T13:07:10.685Z] INFO: Scheduled cron job: send-reminders with schedule: 0 */6 * * *
[2025-09-30T13:07:10.693Z] INFO: Scheduled cron job: calculate-penalties with schedule: 0 1 * * *
[2025-09-30T13:07:10.697Z] INFO: Scheduled cron job: auto-release-escrow with schedule: */30 * * * *
[2025-09-30T13:07:10.699Z] INFO: Scheduled cron job: update-credit-scores with schedule: 0 2 * * *
[2025-09-30T13:07:10.701Z] INFO: Scheduled cron job: check-repayment-due with schedule: 0 9 * * *
[2025-09-30T13:07:10.703Z] INFO: Scheduled cron job: cleanup-notifications with schedule: 0 3 * * 0
[2025-09-30T13:07:10.715Z] INFO: Scheduled cron job: daily-reports with schedule: 0 6 * * *
[2025-09-30T13:07:10.718Z] INFO: All cron jobs started successfully
[2025-09-30T13:07:24.255Z] INFO: Starting cron service
[2025-09-30T13:07:24.438Z] INFO: Scheduled cron job: process-payments with schedule: 0 * * * *
[2025-09-30T13:07:24.446Z] INFO: Scheduled cron job: send-reminders with schedule: 0 */6 * * *
[2025-09-30T13:07:24.452Z] INFO: Scheduled cron job: calculate-penalties with schedule: 0 1 * * *
[2025-09-30T13:07:24.456Z] INFO: Scheduled cron job: auto-release-escrow with schedule: */30 * * * *
[2025-09-30T13:07:24.465Z] INFO: Scheduled cron job: update-credit-scores with schedule: 0 2 * * *
[2025-09-30T13:07:24.469Z] INFO: Scheduled cron job: check-repayment-due with schedule: 0 9 * * *
[2025-09-30T13:07:24.472Z] INFO: Scheduled cron job: cleanup-notifications with schedule: 0 3 * * 0
[2025-09-30T13:07:24.482Z] INFO: Scheduled cron job: daily-reports with schedule: 0 6 * * *
[2025-09-30T13:07:24.484Z] INFO: All cron jobs started successfully
[2025-09-30T13:07:33.643Z] INFO: Starting cron service
[2025-09-30T13:07:33.703Z] INFO: Scheduled cron job: process-payments with schedule: 0 * * * *
[2025-09-30T13:07:33.706Z] INFO: Scheduled cron job: send-reminders with schedule: 0 */6 * * *
[2025-09-30T13:07:33.708Z] INFO: Scheduled cron job: calculate-penalties with schedule: 0 1 * * *
[2025-09-30T13:07:33.717Z] INFO: Scheduled cron job: auto-release-escrow with schedule: */30 * * * *
[2025-09-30T13:07:33.721Z] INFO: Scheduled cron job: update-credit-scores with schedule: 0 2 * * *
[2025-09-30T13:07:33.724Z] INFO: Scheduled cron job: check-repayment-due with schedule: 0 9 * * *
[2025-09-30T13:07:33.726Z] INFO: Scheduled cron job: cleanup-notifications with schedule: 0 3 * * 0
[2025-09-30T13:07:33.735Z] INFO: Scheduled cron job: daily-reports with schedule: 0 6 * * *
[2025-09-30T13:07:33.739Z] INFO: All cron jobs started successfully
[2025-09-30T13:07:48.195Z] INFO: Starting cron service
[2025-09-30T13:07:48.288Z] INFO: Scheduled cron job: process-payments with schedule: 0 * * * *
[2025-09-30T13:07:48.294Z] INFO: Scheduled cron job: send-reminders with schedule: 0 */6 * * *
[2025-09-30T13:07:48.304Z] INFO: Scheduled cron job: calculate-penalties with schedule: 0 1 * * *
[2025-09-30T13:07:48.307Z] INFO: Scheduled cron job: auto-release-escrow with schedule: */30 * * * *
[2025-09-30T13:07:48.311Z] INFO: Scheduled cron job: update-credit-scores with schedule: 0 2 * * *
[2025-09-30T13:07:48.319Z] INFO: Scheduled cron job: check-repayment-due with schedule: 0 9 * * *
[2025-09-30T13:07:48.325Z] INFO: Scheduled cron job: cleanup-notifications with schedule: 0 3 * * 0
[2025-09-30T13:07:48.327Z] INFO: Scheduled cron job: daily-reports with schedule: 0 6 * * *
[2025-09-30T13:07:48.335Z] INFO: All cron jobs started successfully
[2025-09-30T13:07:59.336Z] INFO: Starting cron service
[2025-09-30T13:07:59.491Z] INFO: Scheduled cron job: process-payments with schedule: 0 * * * *
[2025-09-30T13:07:59.503Z] INFO: Scheduled cron job: send-reminders with schedule: 0 */6 * * *
[2025-09-30T13:07:59.526Z] INFO: Scheduled cron job: calculate-penalties with schedule: 0 1 * * *
[2025-09-30T13:07:59.547Z] INFO: Scheduled cron job: auto-release-escrow with schedule: */30 * * * *
[2025-09-30T13:07:59.560Z] INFO: Scheduled cron job: update-credit-scores with schedule: 0 2 * * *
[2025-09-30T13:07:59.563Z] INFO: Scheduled cron job: check-repayment-due with schedule: 0 9 * * *
[2025-09-30T13:07:59.575Z] INFO: Scheduled cron job: cleanup-notifications with schedule: 0 3 * * 0
[2025-09-30T13:07:59.588Z] INFO: Scheduled cron job: daily-reports with schedule: 0 6 * * *
[2025-09-30T13:07:59.592Z] INFO: All cron jobs started successfully
[2025-09-30T13:09:12.765Z] INFO: Starting cron service
[2025-09-30T13:09:12.841Z] INFO: Scheduled cron job: process-payments with schedule: 0 * * * *
[2025-09-30T13:09:12.844Z] INFO: Scheduled cron job: send-reminders with schedule: 0 */6 * * *
[2025-09-30T13:09:12.846Z] INFO: Scheduled cron job: calculate-penalties with schedule: 0 1 * * *
[2025-09-30T13:09:12.848Z] INFO: Scheduled cron job: auto-release-escrow with schedule: */30 * * * *
[2025-09-30T13:09:12.855Z] INFO: Scheduled cron job: update-credit-scores with schedule: 0 2 * * *
[2025-09-30T13:09:12.862Z] INFO: Scheduled cron job: check-repayment-due with schedule: 0 9 * * *
[2025-09-30T13:09:12.863Z] INFO: Scheduled cron job: cleanup-notifications with schedule: 0 3 * * 0
[2025-09-30T13:09:12.865Z] INFO: Scheduled cron job: daily-reports with schedule: 0 6 * * *
[2025-09-30T13:09:12.870Z] INFO: All cron jobs started successfully
[2025-09-30T13:48:57.941Z] INFO: Starting cron service
[2025-09-30T13:48:58.014Z] INFO: Scheduled cron job: process-payments with schedule: 0 * * * *
[2025-09-30T13:48:58.022Z] INFO: Scheduled cron job: send-reminders with schedule: 0 */6 * * *
[2025-09-30T13:48:58.027Z] INFO: Scheduled cron job: auto-release-escrow with schedule: */30 * * * *
[2025-09-30T13:48:58.034Z] INFO: Scheduled cron job: update-credit-scores with schedule: 0 2 * * *
[2025-09-30T13:48:58.038Z] INFO: Scheduled cron job: check-repayment-due with schedule: 0 9 * * *
[2025-09-30T13:48:58.043Z] INFO: Scheduled cron job: cleanup-notifications with schedule: 0 3 * * 0
[2025-09-30T13:48:58.048Z] INFO: Scheduled cron job: daily-reports with schedule: 0 6 * * *
[2025-09-30T13:48:58.051Z] INFO: All cron jobs started successfully
[2025-09-30T14:00:00.330Z] INFO: Running scheduled payment processing
[2025-09-30T14:00:00.392Z] INFO: Running auto-release escrow check
[2025-09-30T14:00:00.516Z] INFO: Processing scheduled payments {"count":0,"timestamp":"2025-09-30T14:00:00.332Z"}
[2025-09-30T14:00:00.524Z] INFO: Scheduled payments processing completed {"processed":0,"successful":0,"failed":0,"skipped":0,"errors":[]}
[2025-09-30T14:00:00.529Z] INFO: Scheduled payment processing completed {"processed":0,"successful":0,"failed":0,"skipped":0,"errors":[]}
[2025-09-30T15:30:00.178Z] INFO: Running auto-release escrow check
[2025-09-30T17:19:40.455Z] INFO: Starting cron service
[2025-09-30T17:19:40.524Z] INFO: Scheduled cron job: process-payments with schedule: 0 * * * *
[2025-09-30T17:19:40.527Z] INFO: Scheduled cron job: send-reminders with schedule: 0 */6 * * *
[2025-09-30T17:19:40.538Z] INFO: Scheduled cron job: auto-release-escrow with schedule: */30 * * * *
[2025-09-30T17:19:40.541Z] INFO: Scheduled cron job: update-credit-scores with schedule: 0 2 * * *
[2025-09-30T17:19:40.543Z] INFO: Scheduled cron job: check-repayment-due with schedule: 0 9 * * *
[2025-09-30T17:19:40.557Z] INFO: Scheduled cron job: cleanup-notifications with schedule: 0 3 * * 0
[2025-09-30T17:19:40.559Z] INFO: Scheduled cron job: daily-reports with schedule: 0 6 * * *
[2025-09-30T17:19:40.561Z] INFO: All cron jobs started successfully
[2025-09-30T17:20:28.482Z] INFO: GET /api/health 200 {"method":"GET","url":"/api/health","statusCode":200,"responseTime":"13ms","userAgent":"curl/8.6.0","ip":"127.0.0.1","userId":"anonymous"}
[2025-09-30T17:22:24.092Z] INFO: GET /api/health 200 {"method":"GET","url":"/api/health","statusCode":200,"responseTime":"8ms","userAgent":"curl/8.6.0","ip":"127.0.0.1","userId":"anonymous"}
[2025-09-30T17:23:00.895Z] INFO: Starting cron service
[2025-09-30T17:23:00.932Z] INFO: Scheduled cron job: process-payments with schedule: 0 * * * *
[2025-09-30T17:23:00.934Z] INFO: Scheduled cron job: send-reminders with schedule: 0 */6 * * *
[2025-09-30T17:23:00.936Z] INFO: Scheduled cron job: auto-release-escrow with schedule: */30 * * * *
[2025-09-30T17:23:00.938Z] INFO: Scheduled cron job: update-credit-scores with schedule: 0 2 * * *
[2025-09-30T17:23:00.940Z] INFO: Scheduled cron job: check-repayment-due with schedule: 0 9 * * *
[2025-09-30T17:23:00.943Z] INFO: Scheduled cron job: cleanup-notifications with schedule: 0 3 * * 0
[2025-09-30T17:23:00.945Z] INFO: Scheduled cron job: daily-reports with schedule: 0 6 * * *
[2025-09-30T17:23:00.946Z] INFO: All cron jobs started successfully
[2025-09-30T17:23:55.553Z] INFO: Starting cron service
[2025-09-30T17:23:55.645Z] INFO: Scheduled cron job: process-payments with schedule: 0 * * * *
[2025-09-30T17:23:55.650Z] INFO: Scheduled cron job: send-reminders with schedule: 0 */6 * * *
[2025-09-30T17:23:55.655Z] INFO: Scheduled cron job: auto-release-escrow with schedule: */30 * * * *
[2025-09-30T17:23:55.659Z] INFO: Scheduled cron job: update-credit-scores with schedule: 0 2 * * *
[2025-09-30T17:23:55.661Z] INFO: Scheduled cron job: check-repayment-due with schedule: 0 9 * * *
[2025-09-30T17:23:55.664Z] INFO: Scheduled cron job: cleanup-notifications with schedule: 0 3 * * 0
[2025-09-30T17:23:55.667Z] INFO: Scheduled cron job: daily-reports with schedule: 0 6 * * *
[2025-09-30T17:23:55.671Z] INFO: All cron jobs started successfully
[2025-09-30T17:33:35.213Z] INFO: Starting cron service
[2025-09-30T17:33:35.694Z] INFO: Scheduled cron job: process-payments with schedule: 0 * * * *
[2025-09-30T17:33:35.863Z] INFO: Scheduled cron job: send-reminders with schedule: 0 */6 * * *
[2025-09-30T17:33:35.953Z] INFO: Scheduled cron job: auto-release-escrow with schedule: */30 * * * *
[2025-09-30T17:33:35.990Z] INFO: Scheduled cron job: update-credit-scores with schedule: 0 2 * * *
[2025-09-30T17:33:36.000Z] INFO: Scheduled cron job: check-repayment-due with schedule: 0 9 * * *
[2025-09-30T17:33:36.015Z] INFO: Scheduled cron job: cleanup-notifications with schedule: 0 3 * * 0
[2025-09-30T17:33:36.022Z] INFO: Scheduled cron job: daily-reports with schedule: 0 6 * * *
[2025-09-30T17:33:36.026Z] INFO: All cron jobs started successfully
[2025-09-30T17:48:29.676Z] INFO: POST /api/auth/login 200 {"method":"POST","url":"/api/auth/login","statusCode":200,"responseTime":"9232ms","userAgent":"Mozilla/5.0 (Windows NT 10.0; Win64; x64) AppleWebKit/537.36 (KHTML, like Gecko) Chrome/140.0.0.0 Safari/537.36","ip":"127.0.0.1","userId":"anonymous"}
[2025-09-30T17:48:37.497Z] INFO: GET /api/lender/investment-stats 200 {"method":"GET","url":"/api/lender/investment-stats","statusCode":200,"responseTime":"4104ms","userAgent":"Mozilla/5.0 (Windows NT 10.0; Win64; x64) AppleWebKit/537.36 (KHTML, like Gecko) Chrome/140.0.0.0 Safari/537.36","ip":"127.0.0.1","userId":"68c9701912b2e5a568979c89"}
[2025-09-30T17:48:37.716Z] INFO: GET /api/pools/my-pools 200 {"method":"GET","url":"/api/pools/my-pools","statusCode":200,"responseTime":"2023ms","userAgent":"Mozilla/5.0 (Windows NT 10.0; Win64; x64) AppleWebKit/537.36 (KHTML, like Gecko) Chrome/140.0.0.0 Safari/537.36","ip":"127.0.0.1","userId":"68c9701912b2e5a568979c89"}
[2025-09-30T17:48:37.996Z] INFO: GET /api/lender/funded-loans 200 {"method":"GET","url":"/api/lender/funded-loans","statusCode":200,"responseTime":"4220ms","userAgent":"Mozilla/5.0 (Windows NT 10.0; Win64; x64) AppleWebKit/537.36 (KHTML, like Gecko) Chrome/140.0.0.0 Safari/537.36","ip":"127.0.0.1","userId":"68c9701912b2e5a568979c89"}
[2025-09-30T17:48:38.031Z] INFO: GET /api/lender/loan-applications 200 {"method":"GET","url":"/api/lender/loan-applications","statusCode":200,"responseTime":"3534ms","userAgent":"Mozilla/5.0 (Windows NT 10.0; Win64; x64) AppleWebKit/537.36 (KHTML, like Gecko) Chrome/140.0.0.0 Safari/537.36","ip":"127.0.0.1","userId":"68c9701912b2e5a568979c89"}
[2025-09-30T17:48:38.216Z] INFO: GET /api/lender/dashboard-charts 200 {"method":"GET","url":"/api/lender/dashboard-charts","statusCode":200,"responseTime":"2545ms","userAgent":"Mozilla/5.0 (Windows NT 10.0; Win64; x64) AppleWebKit/537.36 (KHTML, like Gecko) Chrome/140.0.0.0 Safari/537.36","ip":"127.0.0.1","userId":"68c9701912b2e5a568979c89"}
[2025-09-30T17:48:38.455Z] INFO: GET /api/lender/investment-stats 304 {"method":"GET","url":"/api/lender/investment-stats","statusCode":304,"responseTime":"721ms","userAgent":"Mozilla/5.0 (Windows NT 10.0; Win64; x64) AppleWebKit/537.36 (KHTML, like Gecko) Chrome/140.0.0.0 Safari/537.36","ip":"127.0.0.1","userId":"68c9701912b2e5a568979c89"}
[2025-09-30T17:48:39.130Z] INFO: GET /api/pools/my-pools 304 {"method":"GET","url":"/api/pools/my-pools","statusCode":304,"responseTime":"1186ms","userAgent":"Mozilla/5.0 (Windows NT 10.0; Win64; x64) AppleWebKit/537.36 (KHTML, like Gecko) Chrome/140.0.0.0 Safari/537.36","ip":"127.0.0.1","userId":"68c9701912b2e5a568979c89"}
[2025-09-30T17:48:40.862Z] INFO: GET /api/lender/funded-loans 304 {"method":"GET","url":"/api/lender/funded-loans","statusCode":304,"responseTime":"2686ms","userAgent":"Mozilla/5.0 (Windows NT 10.0; Win64; x64) AppleWebKit/537.36 (KHTML, like Gecko) Chrome/140.0.0.0 Safari/537.36","ip":"127.0.0.1","userId":"68c9701912b2e5a568979c89"}
[2025-09-30T17:48:41.048Z] INFO: GET /api/lender/loan-applications 304 {"method":"GET","url":"/api/lender/loan-applications","statusCode":304,"responseTime":"2854ms","userAgent":"Mozilla/5.0 (Windows NT 10.0; Win64; x64) AppleWebKit/537.36 (KHTML, like Gecko) Chrome/140.0.0.0 Safari/537.36","ip":"127.0.0.1","userId":"68c9701912b2e5a568979c89"}
[2025-09-30T17:48:41.347Z] INFO: GET /api/lender/dashboard-charts 304 {"method":"GET","url":"/api/lender/dashboard-charts","statusCode":304,"responseTime":"3117ms","userAgent":"Mozilla/5.0 (Windows NT 10.0; Win64; x64) AppleWebKit/537.36 (KHTML, like Gecko) Chrome/140.0.0.0 Safari/537.36","ip":"127.0.0.1","userId":"68c9701912b2e5a568979c89"}
[2025-09-30T17:48:42.096Z] INFO: GET /api/lender/wallet/balance 200 {"method":"GET","url":"/api/lender/wallet/balance","statusCode":200,"responseTime":"1678ms","userAgent":"Mozilla/5.0 (Windows NT 10.0; Win64; x64) AppleWebKit/537.36 (KHTML, like Gecko) Chrome/140.0.0.0 Safari/537.36","ip":"127.0.0.1","userId":"68c9701912b2e5a568979c89"}
[2025-09-30T17:48:42.484Z] INFO: GET /api/lender/loan-applications 304 {"method":"GET","url":"/api/lender/loan-applications","statusCode":304,"responseTime":"1334ms","userAgent":"Mozilla/5.0 (Windows NT 10.0; Win64; x64) AppleWebKit/537.36 (KHTML, like Gecko) Chrome/140.0.0.0 Safari/537.36","ip":"127.0.0.1","userId":"68c9701912b2e5a568979c89"}
[2025-09-30T17:48:42.846Z] INFO: GET /api/lender/wallet/balance 304 {"method":"GET","url":"/api/lender/wallet/balance","statusCode":304,"responseTime":"730ms","userAgent":"Mozilla/5.0 (Windows NT 10.0; Win64; x64) AppleWebKit/537.36 (KHTML, like Gecko) Chrome/140.0.0.0 Safari/537.36","ip":"127.0.0.1","userId":"68c9701912b2e5a568979c89"}
[2025-09-30T17:48:43.100Z] INFO: GET /api/lender/loan-applications 304 {"method":"GET","url":"/api/lender/loan-applications","statusCode":304,"responseTime":"603ms","userAgent":"Mozilla/5.0 (Windows NT 10.0; Win64; x64) AppleWebKit/537.36 (KHTML, like Gecko) Chrome/140.0.0.0 Safari/537.36","ip":"127.0.0.1","userId":"68c9701912b2e5a568979c89"}
[2025-09-30T17:48:43.693Z] INFO: GET /api/lender/wallet/balance 304 {"method":"GET","url":"/api/lender/wallet/balance","statusCode":304,"responseTime":"840ms","userAgent":"Mozilla/5.0 (Windows NT 10.0; Win64; x64) AppleWebKit/537.36 (KHTML, like Gecko) Chrome/140.0.0.0 Safari/537.36","ip":"127.0.0.1","userId":"68c9701912b2e5a568979c89"}
[2025-09-30T17:48:44.249Z] INFO: GET /api/lender/wallet/balance 304 {"method":"GET","url":"/api/lender/wallet/balance","statusCode":304,"responseTime":"548ms","userAgent":"Mozilla/5.0 (Windows NT 10.0; Win64; x64) AppleWebKit/537.36 (KHTML, like Gecko) Chrome/140.0.0.0 Safari/537.36","ip":"127.0.0.1","userId":"68c9701912b2e5a568979c89"}
[2025-09-30T17:49:09.571Z] INFO: GET /api/lender/wallet/balance 304 {"method":"GET","url":"/api/lender/wallet/balance","statusCode":304,"responseTime":"466ms","userAgent":"Mozilla/5.0 (Windows NT 10.0; Win64; x64) AppleWebKit/537.36 (KHTML, like Gecko) Chrome/140.0.0.0 Safari/537.36","ip":"127.0.0.1","userId":"68c9701912b2e5a568979c89"}
[2025-09-30T17:49:39.292Z] INFO: GET /api/lender/wallet/balance 304 {"method":"GET","url":"/api/lender/wallet/balance","statusCode":304,"responseTime":"496ms","userAgent":"Mozilla/5.0 (Windows NT 10.0; Win64; x64) AppleWebKit/537.36 (KHTML, like Gecko) Chrome/140.0.0.0 Safari/537.36","ip":"127.0.0.1","userId":"68c9701912b2e5a568979c89"}
[2025-09-30T17:50:09.899Z] INFO: GET /api/lender/investment-stats 304 {"method":"GET","url":"/api/lender/investment-stats","statusCode":304,"responseTime":"1627ms","userAgent":"Mozilla/5.0 (Windows NT 10.0; Win64; x64) AppleWebKit/537.36 (KHTML, like Gecko) Chrome/140.0.0.0 Safari/537.36","ip":"127.0.0.1","userId":"68c9701912b2e5a568979c89"}
[2025-09-30T17:50:10.050Z] INFO: GET /api/pools/my-pools 304 {"method":"GET","url":"/api/pools/my-pools","statusCode":304,"responseTime":"1387ms","userAgent":"Mozilla/5.0 (Windows NT 10.0; Win64; x64) AppleWebKit/537.36 (KHTML, like Gecko) Chrome/140.0.0.0 Safari/537.36","ip":"127.0.0.1","userId":"68c9701912b2e5a568979c89"}
[2025-09-30T17:50:10.132Z] INFO: GET /api/lender/funded-loans 304 {"method":"GET","url":"/api/lender/funded-loans","statusCode":304,"responseTime":"1862ms","userAgent":"Mozilla/5.0 (Windows NT 10.0; Win64; x64) AppleWebKit/537.36 (KHTML, like Gecko) Chrome/140.0.0.0 Safari/537.36","ip":"127.0.0.1","userId":"68c9701912b2e5a568979c89"}
[2025-09-30T17:50:10.175Z] INFO: GET /api/lender/loan-applications 304 {"method":"GET","url":"/api/lender/loan-applications","statusCode":304,"responseTime":"1868ms","userAgent":"Mozilla/5.0 (Windows NT 10.0; Win64; x64) AppleWebKit/537.36 (KHTML, like Gecko) Chrome/140.0.0.0 Safari/537.36","ip":"127.0.0.1","userId":"68c9701912b2e5a568979c89"}
[2025-09-30T17:50:10.353Z] INFO: GET /api/lender/dashboard-charts 304 {"method":"GET","url":"/api/lender/dashboard-charts","statusCode":304,"responseTime":"1986ms","userAgent":"Mozilla/5.0 (Windows NT 10.0; Win64; x64) AppleWebKit/537.36 (KHTML, like Gecko) Chrome/140.0.0.0 Safari/537.36","ip":"127.0.0.1","userId":"68c9701912b2e5a568979c89"}
[2025-09-30T17:50:10.399Z] INFO: GET /api/lender/investment-stats 304 {"method":"GET","url":"/api/lender/investment-stats","statusCode":304,"responseTime":"394ms","userAgent":"Mozilla/5.0 (Windows NT 10.0; Win64; x64) AppleWebKit/537.36 (KHTML, like Gecko) Chrome/140.0.0.0 Safari/537.36","ip":"127.0.0.1","userId":"68c9701912b2e5a568979c89"}
[2025-09-30T17:50:10.449Z] INFO: GET /api/pools/my-pools 304 {"method":"GET","url":"/api/pools/my-pools","statusCode":304,"responseTime":"394ms","userAgent":"Mozilla/5.0 (Windows NT 10.0; Win64; x64) AppleWebKit/537.36 (KHTML, like Gecko) Chrome/140.0.0.0 Safari/537.36","ip":"127.0.0.1","userId":"68c9701912b2e5a568979c89"}
[2025-09-30T17:50:10.713Z] INFO: GET /api/lender/funded-loans 304 {"method":"GET","url":"/api/lender/funded-loans","statusCode":304,"responseTime":"575ms","userAgent":"Mozilla/5.0 (Windows NT 10.0; Win64; x64) AppleWebKit/537.36 (KHTML, like Gecko) Chrome/140.0.0.0 Safari/537.36","ip":"127.0.0.1","userId":"68c9701912b2e5a568979c89"}
[2025-09-30T17:50:10.928Z] INFO: GET /api/lender/investment-stats 304 {"method":"GET","url":"/api/lender/investment-stats","statusCode":304,"responseTime":"413ms","userAgent":"Mozilla/5.0 (Windows NT 10.0; Win64; x64) AppleWebKit/537.36 (KHTML, like Gecko) Chrome/140.0.0.0 Safari/537.36","ip":"127.0.0.1","userId":"68c9701912b2e5a568979c89"}
[2025-09-30T17:50:10.948Z] INFO: GET /api/pools/my-pools 304 {"method":"GET","url":"/api/pools/my-pools","statusCode":304,"responseTime":"431ms","userAgent":"Mozilla/5.0 (Windows NT 10.0; Win64; x64) AppleWebKit/537.36 (KHTML, like Gecko) Chrome/140.0.0.0 Safari/537.36","ip":"127.0.0.1","userId":"68c9701912b2e5a568979c89"}
[2025-09-30T17:50:11.271Z] INFO: GET /api/lender/dashboard-charts 304 {"method":"GET","url":"/api/lender/dashboard-charts","statusCode":304,"responseTime":"780ms","userAgent":"Mozilla/5.0 (Windows NT 10.0; Win64; x64) AppleWebKit/537.36 (KHTML, like Gecko) Chrome/140.0.0.0 Safari/537.36","ip":"127.0.0.1","userId":"68c9701912b2e5a568979c89"}
[2025-09-30T17:50:11.328Z] INFO: GET /api/lender/wallet/balance 304 {"method":"GET","url":"/api/lender/wallet/balance","statusCode":304,"responseTime":"782ms","userAgent":"Mozilla/5.0 (Windows NT 10.0; Win64; x64) AppleWebKit/537.36 (KHTML, like Gecko) Chrome/140.0.0.0 Safari/537.36","ip":"127.0.0.1","userId":"68c9701912b2e5a568979c89"}
[2025-09-30T17:50:11.409Z] INFO: GET /api/lender/loan-applications 304 {"method":"GET","url":"/api/lender/loan-applications","statusCode":304,"responseTime":"1171ms","userAgent":"Mozilla/5.0 (Windows NT 10.0; Win64; x64) AppleWebKit/537.36 (KHTML, like Gecko) Chrome/140.0.0.0 Safari/537.36","ip":"127.0.0.1","userId":"68c9701912b2e5a568979c89"}
[2025-09-30T17:50:11.568Z] INFO: GET /api/lender/funded-loans 304 {"method":"GET","url":"/api/lender/funded-loans","statusCode":304,"responseTime":"758ms","userAgent":"Mozilla/5.0 (Windows NT 10.0; Win64; x64) AppleWebKit/537.36 (KHTML, like Gecko) Chrome/140.0.0.0 Safari/537.36","ip":"127.0.0.1","userId":"68c9701912b2e5a568979c89"}
[2025-09-30T17:50:12.170Z] INFO: GET /api/lender/loan-applications 304 {"method":"GET","url":"/api/lender/loan-applications","statusCode":304,"responseTime":"502ms","userAgent":"Mozilla/5.0 (Windows NT 10.0; Win64; x64) AppleWebKit/537.36 (KHTML, like Gecko) Chrome/140.0.0.0 Safari/537.36","ip":"127.0.0.1","userId":"68c9701912b2e5a568979c89"}
[2025-09-30T17:50:12.198Z] INFO: GET /api/lender/dashboard-charts 304 {"method":"GET","url":"/api/lender/dashboard-charts","statusCode":304,"responseTime":"780ms","userAgent":"Mozilla/5.0 (Windows NT 10.0; Win64; x64) AppleWebKit/537.36 (KHTML, like Gecko) Chrome/140.0.0.0 Safari/537.36","ip":"127.0.0.1","userId":"68c9701912b2e5a568979c89"}
[2025-09-30T17:50:12.328Z] INFO: GET /api/lender/wallet/balance 304 {"method":"GET","url":"/api/lender/wallet/balance","statusCode":304,"responseTime":"897ms","userAgent":"Mozilla/5.0 (Windows NT 10.0; Win64; x64) AppleWebKit/537.36 (KHTML, like Gecko) Chrome/140.0.0.0 Safari/537.36","ip":"127.0.0.1","userId":"68c9701912b2e5a568979c89"}
[2025-09-30T17:50:12.664Z] INFO: GET /api/lender/loan-applications 304 {"method":"GET","url":"/api/lender/loan-applications","statusCode":304,"responseTime":"465ms","userAgent":"Mozilla/5.0 (Windows NT 10.0; Win64; x64) AppleWebKit/537.36 (KHTML, like Gecko) Chrome/140.0.0.0 Safari/537.36","ip":"127.0.0.1","userId":"68c9701912b2e5a568979c89"}
[2025-09-30T17:50:12.798Z] INFO: GET /api/lender/wallet/balance 304 {"method":"GET","url":"/api/lender/wallet/balance","statusCode":304,"responseTime":"462ms","userAgent":"Mozilla/5.0 (Windows NT 10.0; Win64; x64) AppleWebKit/537.36 (KHTML, like Gecko) Chrome/140.0.0.0 Safari/537.36","ip":"127.0.0.1","userId":"68c9701912b2e5a568979c89"}
[2025-09-30T17:50:13.347Z] INFO: GET /api/lender/loan-applications 304 {"method":"GET","url":"/api/lender/loan-applications","statusCode":304,"responseTime":"614ms","userAgent":"Mozilla/5.0 (Windows NT 10.0; Win64; x64) AppleWebKit/537.36 (KHTML, like Gecko) Chrome/140.0.0.0 Safari/537.36","ip":"127.0.0.1","userId":"68c9701912b2e5a568979c89"}
[2025-09-30T17:50:13.393Z] INFO: GET /api/lender/wallet/balance 304 {"method":"GET","url":"/api/lender/wallet/balance","statusCode":304,"responseTime":"587ms","userAgent":"Mozilla/5.0 (Windows NT 10.0; Win64; x64) AppleWebKit/537.36 (KHTML, like Gecko) Chrome/140.0.0.0 Safari/537.36","ip":"127.0.0.1","userId":"68c9701912b2e5a568979c89"}
[2025-09-30T17:50:13.862Z] INFO: GET /api/lender/wallet/balance 304 {"method":"GET","url":"/api/lender/wallet/balance","statusCode":304,"responseTime":"464ms","userAgent":"Mozilla/5.0 (Windows NT 10.0; Win64; x64) AppleWebKit/537.36 (KHTML, like Gecko) Chrome/140.0.0.0 Safari/537.36","ip":"127.0.0.1","userId":"68c9701912b2e5a568979c89"}
[2025-09-30T17:50:14.328Z] INFO: GET /api/lender/wallet/balance 304 {"method":"GET","url":"/api/lender/wallet/balance","statusCode":304,"responseTime":"462ms","userAgent":"Mozilla/5.0 (Windows NT 10.0; Win64; x64) AppleWebKit/537.36 (KHTML, like Gecko) Chrome/140.0.0.0 Safari/537.36","ip":"127.0.0.1","userId":"68c9701912b2e5a568979c89"}
[2025-09-30T17:50:41.476Z] INFO: GET /api/lender/wallet/balance 304 {"method":"GET","url":"/api/lender/wallet/balance","statusCode":304,"responseTime":"465ms","userAgent":"Mozilla/5.0 (Windows NT 10.0; Win64; x64) AppleWebKit/537.36 (KHTML, like Gecko) Chrome/140.0.0.0 Safari/537.36","ip":"127.0.0.1","userId":"68c9701912b2e5a568979c89"}
[2025-09-30T17:51:11.194Z] INFO: GET /api/lender/wallet/balance 304 {"method":"GET","url":"/api/lender/wallet/balance","statusCode":304,"responseTime":"497ms","userAgent":"Mozilla/5.0 (Windows NT 10.0; Win64; x64) AppleWebKit/537.36 (KHTML, like Gecko) Chrome/140.0.0.0 Safari/537.36","ip":"127.0.0.1","userId":"68c9701912b2e5a568979c89"}
[2025-09-30T17:51:41.497Z] INFO: GET /api/lender/wallet/balance 304 {"method":"GET","url":"/api/lender/wallet/balance","statusCode":304,"responseTime":"502ms","userAgent":"Mozilla/5.0 (Windows NT 10.0; Win64; x64) AppleWebKit/537.36 (KHTML, like Gecko) Chrome/140.0.0.0 Safari/537.36","ip":"127.0.0.1","userId":"68c9701912b2e5a568979c89"}
[2025-09-30T17:52:11.139Z] INFO: GET /api/lender/wallet/balance 304 {"method":"GET","url":"/api/lender/wallet/balance","statusCode":304,"responseTime":"462ms","userAgent":"Mozilla/5.0 (Windows NT 10.0; Win64; x64) AppleWebKit/537.36 (KHTML, like Gecko) Chrome/140.0.0.0 Safari/537.36","ip":"127.0.0.1","userId":"68c9701912b2e5a568979c89"}
[2025-09-30T17:52:41.438Z] INFO: GET /api/lender/wallet/balance 304 {"method":"GET","url":"/api/lender/wallet/balance","statusCode":304,"responseTime":"446ms","userAgent":"Mozilla/5.0 (Windows NT 10.0; Win64; x64) AppleWebKit/537.36 (KHTML, like Gecko) Chrome/140.0.0.0 Safari/537.36","ip":"127.0.0.1","userId":"68c9701912b2e5a568979c89"}
[2025-09-30T17:53:11.176Z] INFO: GET /api/lender/wallet/balance 304 {"method":"GET","url":"/api/lender/wallet/balance","statusCode":304,"responseTime":"498ms","userAgent":"Mozilla/5.0 (Windows NT 10.0; Win64; x64) AppleWebKit/537.36 (KHTML, like Gecko) Chrome/140.0.0.0 Safari/537.36","ip":"127.0.0.1","userId":"68c9701912b2e5a568979c89"}
[2025-09-30T17:53:41.814Z] INFO: GET /api/lender/wallet/balance 304 {"method":"GET","url":"/api/lender/wallet/balance","statusCode":304,"responseTime":"742ms","userAgent":"Mozilla/5.0 (Windows NT 10.0; Win64; x64) AppleWebKit/537.36 (KHTML, like Gecko) Chrome/140.0.0.0 Safari/537.36","ip":"127.0.0.1","userId":"68c9701912b2e5a568979c89"}
[2025-09-30T17:54:12.107Z] INFO: GET /api/lender/wallet/balance 304 {"method":"GET","url":"/api/lender/wallet/balance","statusCode":304,"responseTime":"755ms","userAgent":"Mozilla/5.0 (Windows NT 10.0; Win64; x64) AppleWebKit/537.36 (KHTML, like Gecko) Chrome/140.0.0.0 Safari/537.36","ip":"127.0.0.1","userId":"68c9701912b2e5a568979c89"}
[2025-09-30T17:54:41.693Z] INFO: GET /api/lender/wallet/balance 304 {"method":"GET","url":"/api/lender/wallet/balance","statusCode":304,"responseTime":"681ms","userAgent":"Mozilla/5.0 (Windows NT 10.0; Win64; x64) AppleWebKit/537.36 (KHTML, like Gecko) Chrome/140.0.0.0 Safari/537.36","ip":"127.0.0.1","userId":"68c9701912b2e5a568979c89"}
[2025-09-30T17:55:11.184Z] INFO: GET /api/lender/wallet/balance 304 {"method":"GET","url":"/api/lender/wallet/balance","statusCode":304,"responseTime":"488ms","userAgent":"Mozilla/5.0 (Windows NT 10.0; Win64; x64) AppleWebKit/537.36 (KHTML, like Gecko) Chrome/140.0.0.0 Safari/537.36","ip":"127.0.0.1","userId":"68c9701912b2e5a568979c89"}
[2025-09-30T17:55:41.768Z] INFO: GET /api/lender/wallet/balance 304 {"method":"GET","url":"/api/lender/wallet/balance","statusCode":304,"responseTime":"765ms","userAgent":"Mozilla/5.0 (Windows NT 10.0; Win64; x64) AppleWebKit/537.36 (KHTML, like Gecko) Chrome/140.0.0.0 Safari/537.36","ip":"127.0.0.1","userId":"68c9701912b2e5a568979c89"}
